TpTrace Verbose: 0 : 22620, 1, 2021/08/16, 15:44:14.703, 1031511901904, vstest.console.dll, Version: 16.10.0
TpTrace Information: 0 : 22620, 1, 2021/08/16, 15:44:14.714, 1031512004007, vstest.console.dll, FilePatternParser: The given file C:\dti\jwt-auth\src\jwtauth.Tests\bin\Debug\netcoreapp3.1\fine-code-coverage\build-output\jwtauth.Tests.dll is a full path.
TpTrace Verbose: 0 : 22620, 1, 2021/08/16, 15:44:14.721, 1031512075275, vstest.console.dll, TestPluginCache.DiscoverTestExtensions: finding test extensions in assemblies ends with: RuntimeProvider.dll TPluginInfo: Microsoft.VisualStudio.TestPlatform.Common.ExtensionFramework.Utilities.TestRuntimePluginInformation TExtension: Microsoft.VisualStudio.TestPlatform.ObjectModel.Host.ITestRuntimeProvider
TpTrace Verbose: 0 : 22620, 1, 2021/08/16, 15:44:14.725, 1031512114450, vstest.console.dll, TestPluginCache.GetExtensionPaths: Filtered extension paths: 
TpTrace Verbose: 0 : 22620, 1, 2021/08/16, 15:44:14.726, 1031512120785, vstest.console.dll, TestPluginCache.GetExtensionPaths: Added default extension paths: C:\Program Files\dotnet\sdk\5.0.302\Extensions\Microsoft.Diagnostics.NETCore.Client.dll
C:\Program Files\dotnet\sdk\5.0.302\Extensions\Microsoft.TestPlatform.Extensions.BlameDataCollector.dll
C:\Program Files\dotnet\sdk\5.0.302\Extensions\Microsoft.TestPlatform.Extensions.EventLogCollector.dll
C:\Program Files\dotnet\sdk\5.0.302\Extensions\Microsoft.TestPlatform.TestHostRuntimeProvider.dll
C:\Program Files\dotnet\sdk\5.0.302\Extensions\Microsoft.VisualStudio.TestPlatform.Extensions.Html.TestLogger.dll
C:\Program Files\dotnet\sdk\5.0.302\Extensions\Microsoft.VisualStudio.TestPlatform.Extensions.Trx.TestLogger.dll
TpTrace Verbose: 0 : 22620, 1, 2021/08/16, 15:44:14.726, 1031512124332, vstest.console.dll, TestPluginCache.GetExtensionPaths: Added unfilterableExtensionPaths: 
TpTrace Information: 0 : 22620, 1, 2021/08/16, 15:44:14.729, 1031512150978, vstest.console.dll, AssemblyResolver.ctor: Creating AssemblyResolver with searchDirectories C:\Program Files\dotnet\sdk\5.0.302\Extensions,C:\Program Files\dotnet\sdk\5.0.302
TpTrace Verbose: 0 : 22620, 1, 2021/08/16, 15:44:14.731, 1031512173131, vstest.console.dll, TestPluginCache.DiscoverTestExtensions: Discovering the extensions using extension path.
TpTrace Verbose: 0 : 22620, 1, 2021/08/16, 15:44:14.732, 1031512177424, vstest.console.dll, TestPluginCache.GetExtensionPaths: Filtered extension paths: 
TpTrace Verbose: 0 : 22620, 1, 2021/08/16, 15:44:14.732, 1031512179108, vstest.console.dll, TestPluginCache.GetExtensionPaths: Added default extension paths: C:\Program Files\dotnet\sdk\5.0.302\Extensions\Microsoft.Diagnostics.NETCore.Client.dll
C:\Program Files\dotnet\sdk\5.0.302\Extensions\Microsoft.TestPlatform.Extensions.BlameDataCollector.dll
C:\Program Files\dotnet\sdk\5.0.302\Extensions\Microsoft.TestPlatform.Extensions.EventLogCollector.dll
C:\Program Files\dotnet\sdk\5.0.302\Extensions\Microsoft.TestPlatform.TestHostRuntimeProvider.dll
C:\Program Files\dotnet\sdk\5.0.302\Extensions\Microsoft.VisualStudio.TestPlatform.Extensions.Html.TestLogger.dll
C:\Program Files\dotnet\sdk\5.0.302\Extensions\Microsoft.VisualStudio.TestPlatform.Extensions.Trx.TestLogger.dll
TpTrace Verbose: 0 : 22620, 1, 2021/08/16, 15:44:14.732, 1031512180143, vstest.console.dll, TestPluginCache.GetExtensionPaths: Added unfilterableExtensionPaths: 
TpTrace Verbose: 0 : 22620, 1, 2021/08/16, 15:44:14.732, 1031512182097, vstest.console.dll, TestPluginCache.DiscoverTestExtensions: Discovering the extensions using allExtensionPaths: C:\Program Files\dotnet\sdk\5.0.302\Extensions\Microsoft.Diagnostics.NETCore.Client.dll
C:\Program Files\dotnet\sdk\5.0.302\Extensions\Microsoft.TestPlatform.Extensions.BlameDataCollector.dll
C:\Program Files\dotnet\sdk\5.0.302\Extensions\Microsoft.TestPlatform.Extensions.EventLogCollector.dll
C:\Program Files\dotnet\sdk\5.0.302\Extensions\Microsoft.TestPlatform.TestHostRuntimeProvider.dll
C:\Program Files\dotnet\sdk\5.0.302\Extensions\Microsoft.VisualStudio.TestPlatform.Extensions.Html.TestLogger.dll
C:\Program Files\dotnet\sdk\5.0.302\Extensions\Microsoft.VisualStudio.TestPlatform.Extensions.Trx.TestLogger.dll
TpTrace Information: 0 : 22620, 1, 2021/08/16, 15:44:14.732, 1031512185752, vstest.console.dll, AssemblyResolver.AddSearchDirectories: Adding more searchDirectories C:\Program Files\dotnet\sdk\5.0.302\Extensions,C:\Program Files\dotnet\sdk\5.0.302
TpTrace Information: 0 : 22620, 1, 2021/08/16, 15:44:14.733, 1031512187142, vstest.console.dll, AssemblyResolver.AddSearchDirectories: Adding more searchDirectories C:\Program Files\dotnet\sdk\5.0.302\Extensions,C:\Program Files\dotnet\sdk\5.0.302
TpTrace Information: 0 : 22620, 1, 2021/08/16, 15:44:14.733, 1031512188076, vstest.console.dll, AssemblyResolver.AddSearchDirectories: Adding more searchDirectories C:\Program Files\dotnet\sdk\5.0.302\Extensions,C:\Program Files\dotnet\sdk\5.0.302
TpTrace Information: 0 : 22620, 1, 2021/08/16, 15:44:14.733, 1031512188732, vstest.console.dll, AssemblyResolver.AddSearchDirectories: Adding more searchDirectories C:\Program Files\dotnet\sdk\5.0.302\Extensions,C:\Program Files\dotnet\sdk\5.0.302
TpTrace Information: 0 : 22620, 1, 2021/08/16, 15:44:14.733, 1031512189451, vstest.console.dll, AssemblyResolver.AddSearchDirectories: Adding more searchDirectories C:\Program Files\dotnet\sdk\5.0.302\Extensions,C:\Program Files\dotnet\sdk\5.0.302
TpTrace Information: 0 : 22620, 1, 2021/08/16, 15:44:14.733, 1031512190156, vstest.console.dll, AssemblyResolver.AddSearchDirectories: Adding more searchDirectories C:\Program Files\dotnet\sdk\5.0.302\Extensions,C:\Program Files\dotnet\sdk\5.0.302
TpTrace Information: 0 : 22620, 1, 2021/08/16, 15:44:14.734, 1031512196488, vstest.console.dll, AssemblyResolver.OnResolve: Microsoft.Diagnostics.NETCore.Client: Resolving assembly.
TpTrace Information: 0 : 22620, 1, 2021/08/16, 15:44:14.734, 1031512197776, vstest.console.dll, AssemblyResolver.OnResolve: Microsoft.Diagnostics.NETCore.Client: Searching in: 'C:\Program Files\dotnet\sdk\5.0.302\Extensions'.
TpTrace Information: 0 : 22620, 1, 2021/08/16, 15:44:14.735, 1031512210394, vstest.console.dll, AssemblyResolver.OnResolve: Microsoft.Diagnostics.NETCore.Client: Loading assembly 'C:\Program Files\dotnet\sdk\5.0.302\Extensions\Microsoft.Diagnostics.NETCore.Client.dll'.
TpTrace Information: 0 : 22620, 1, 2021/08/16, 15:44:14.737, 1031512229254, vstest.console.dll, AssemblyResolver.OnResolve: Resolved assembly: Microsoft.Diagnostics.NETCore.Client, from path: C:\Program Files\dotnet\sdk\5.0.302\Extensions\Microsoft.Diagnostics.NETCore.Client.dll
TpTrace Information: 0 : 22620, 1, 2021/08/16, 15:44:14.741, 1031512267678, vstest.console.dll, AssemblyResolver.OnResolve: Microsoft.Bcl.AsyncInterfaces: Resolving assembly.
TpTrace Information: 0 : 22620, 1, 2021/08/16, 15:44:14.741, 1031512269167, vstest.console.dll, AssemblyResolver.OnResolve: Microsoft.Bcl.AsyncInterfaces: Searching in: 'C:\Program Files\dotnet\sdk\5.0.302\Extensions'.
TpTrace Information: 0 : 22620, 1, 2021/08/16, 15:44:14.741, 1031512270645, vstest.console.dll, AssemblyResolver.OnResolve: Microsoft.Bcl.AsyncInterfaces: Assembly path does not exist: 'C:\Program Files\dotnet\sdk\5.0.302\Extensions\Microsoft.Bcl.AsyncInterfaces.dll', returning.
TpTrace Information: 0 : 22620, 1, 2021/08/16, 15:44:14.741, 1031512271739, vstest.console.dll, AssemblyResolver.OnResolve: Microsoft.Bcl.AsyncInterfaces: Assembly path does not exist: 'C:\Program Files\dotnet\sdk\5.0.302\Extensions\Microsoft.Bcl.AsyncInterfaces.exe', returning.
TpTrace Information: 0 : 22620, 1, 2021/08/16, 15:44:14.741, 1031512272328, vstest.console.dll, AssemblyResolver.OnResolve: Microsoft.Bcl.AsyncInterfaces: Searching in: 'C:\Program Files\dotnet\sdk\5.0.302'.
TpTrace Information: 0 : 22620, 1, 2021/08/16, 15:44:14.741, 1031512273500, vstest.console.dll, AssemblyResolver.OnResolve: Microsoft.Bcl.AsyncInterfaces: Assembly path does not exist: 'C:\Program Files\dotnet\sdk\5.0.302\Microsoft.Bcl.AsyncInterfaces.dll', returning.
TpTrace Information: 0 : 22620, 1, 2021/08/16, 15:44:14.741, 1031512274558, vstest.console.dll, AssemblyResolver.OnResolve: Microsoft.Bcl.AsyncInterfaces: Assembly path does not exist: 'C:\Program Files\dotnet\sdk\5.0.302\Microsoft.Bcl.AsyncInterfaces.exe', returning.
TpTrace Information: 0 : 22620, 1, 2021/08/16, 15:44:14.741, 1031512275761, vstest.console.dll, AssemblyResolver.OnResolve: Microsoft.Bcl.AsyncInterfaces: Failed to load assembly.
TpTrace Verbose: 0 : 22620, 1, 2021/08/16, 15:44:14.742, 1031512276516, vstest.console.dll, CurrentDomainAssemblyResolve: Resolving assembly 'Microsoft.Bcl.AsyncInterfaces'.
TpTrace Information: 0 : 22620, 1, 2021/08/16, 15:44:14.742, 1031512277627, vstest.console.dll, AssemblyResolver.OnResolve: Microsoft.Bcl.AsyncInterfaces: Resolving assembly.
TpTrace Information: 0 : 22620, 1, 2021/08/16, 15:44:14.742, 1031512278889, vstest.console.dll, AssemblyResolver.OnResolve: Microsoft.Bcl.AsyncInterfaces: Resolved from cache.
TpTrace Verbose: 0 : 22620, 1, 2021/08/16, 15:44:14.742, 1031512280407, vstest.console.dll, CurrentDomainAssemblyResolve: Resolving assembly 'Microsoft.Bcl.AsyncInterfaces'.
TpTrace Verbose: 0 : 22620, 1, 2021/08/16, 15:44:14.742, 1031512281781, vstest.console.dll, CurrentDomainAssemblyResolve: Failed to resolve assembly 'Microsoft.Bcl.AsyncInterfaces'.
TpTrace Verbose: 0 : 22620, 1, 2021/08/16, 15:44:14.743, 1031512293809, vstest.console.dll, CurrentDomainAssemblyResolve: Failed to resolve assembly 'Microsoft.Bcl.AsyncInterfaces'.
TpTrace Warning: 0 : 22620, 1, 2021/08/16, 15:44:14.758, 1031512442611, vstest.console.dll, TestPluginDiscoverer: Failed to get types from assembly 'Microsoft.Diagnostics.NETCore.Client, Version=0.2.2.41902, Culture=neutral, PublicKeyToken=31bf3856ad364e35'.  Skipping test extension scan for this assembly.  Error: System.Reflection.ReflectionTypeLoadException: Unable to load one or more of the requested types.
Could not load file or assembly 'Microsoft.Bcl.AsyncInterfaces, Version=1.0.0.0, Culture=neutral, PublicKeyToken=cc7b13ffcd2ddd51'. O sistema não pode encontrar o arquivo especificado.
   at System.Reflection.RuntimeModule.GetTypes(RuntimeModule module)
   at System.Reflection.RuntimeModule.GetTypes()
   at System.Reflection.Assembly.GetTypes()
   at Microsoft.VisualStudio.TestPlatform.Common.ExtensionFramework.TestPluginDiscoverer.GetTestExtensionsFromAssembly[TPluginInfo,TExtension](Assembly assembly, Dictionary`2 pluginInfos)
System.IO.FileNotFoundException: Could not load file or assembly 'Microsoft.Bcl.AsyncInterfaces, Version=1.0.0.0, Culture=neutral, PublicKeyToken=cc7b13ffcd2ddd51'. O sistema não pode encontrar o arquivo especificado.
File name: 'Microsoft.Bcl.AsyncInterfaces, Version=1.0.0.0, Culture=neutral, PublicKeyToken=cc7b13ffcd2ddd51'
TpTrace Warning: 0 : 22620, 1, 2021/08/16, 15:44:14.758, 1031512445026, vstest.console.dll, LoaderExceptions: System.IO.FileNotFoundException: Could not load file or assembly 'Microsoft.Bcl.AsyncInterfaces, Version=1.0.0.0, Culture=neutral, PublicKeyToken=cc7b13ffcd2ddd51'. O sistema não pode encontrar o arquivo especificado.
File name: 'Microsoft.Bcl.AsyncInterfaces, Version=1.0.0.0, Culture=neutral, PublicKeyToken=cc7b13ffcd2ddd51'
TpTrace Information: 0 : 22620, 1, 2021/08/16, 15:44:14.759, 1031512447050, vstest.console.dll, AssemblyResolver.OnResolve: Microsoft.TestPlatform.Extensions.BlameDataCollector: Resolving assembly.
TpTrace Information: 0 : 22620, 1, 2021/08/16, 15:44:14.759, 1031512447706, vstest.console.dll, AssemblyResolver.OnResolve: Microsoft.TestPlatform.Extensions.BlameDataCollector: Searching in: 'C:\Program Files\dotnet\sdk\5.0.302\Extensions'.
TpTrace Information: 0 : 22620, 1, 2021/08/16, 15:44:14.759, 1031512454206, vstest.console.dll, AssemblyResolver.OnResolve: Microsoft.TestPlatform.Extensions.BlameDataCollector: Loading assembly 'C:\Program Files\dotnet\sdk\5.0.302\Extensions\Microsoft.TestPlatform.Extensions.BlameDataCollector.dll'.
TpTrace Information: 0 : 22620, 1, 2021/08/16, 15:44:14.760, 1031512462147, vstest.console.dll, AssemblyResolver.OnResolve: Resolved assembly: Microsoft.TestPlatform.Extensions.BlameDataCollector, from path: C:\Program Files\dotnet\sdk\5.0.302\Extensions\Microsoft.TestPlatform.Extensions.BlameDataCollector.dll
TpTrace Information: 0 : 22620, 1, 2021/08/16, 15:44:14.761, 1031512469608, vstest.console.dll, AssemblyResolver.OnResolve: Microsoft.TestPlatform.Extensions.EventLogCollector: Resolving assembly.
TpTrace Information: 0 : 22620, 1, 2021/08/16, 15:44:14.761, 1031512470796, vstest.console.dll, AssemblyResolver.OnResolve: Microsoft.TestPlatform.Extensions.EventLogCollector: Searching in: 'C:\Program Files\dotnet\sdk\5.0.302\Extensions'.
TpTrace Information: 0 : 22620, 1, 2021/08/16, 15:44:14.762, 1031512476500, vstest.console.dll, AssemblyResolver.OnResolve: Microsoft.TestPlatform.Extensions.EventLogCollector: Loading assembly 'C:\Program Files\dotnet\sdk\5.0.302\Extensions\Microsoft.TestPlatform.Extensions.EventLogCollector.dll'.
TpTrace Information: 0 : 22620, 1, 2021/08/16, 15:44:14.762, 1031512482707, vstest.console.dll, AssemblyResolver.OnResolve: Resolved assembly: Microsoft.TestPlatform.Extensions.EventLogCollector, from path: C:\Program Files\dotnet\sdk\5.0.302\Extensions\Microsoft.TestPlatform.Extensions.EventLogCollector.dll
TpTrace Information: 0 : 22620, 1, 2021/08/16, 15:44:14.764, 1031512497088, vstest.console.dll, AssemblyResolver.OnResolve: Microsoft.TestPlatform.TestHostRuntimeProvider: Resolving assembly.
TpTrace Information: 0 : 22620, 1, 2021/08/16, 15:44:14.764, 1031512497841, vstest.console.dll, AssemblyResolver.OnResolve: Microsoft.TestPlatform.TestHostRuntimeProvider: Searching in: 'C:\Program Files\dotnet\sdk\5.0.302\Extensions'.
TpTrace Information: 0 : 22620, 1, 2021/08/16, 15:44:14.764, 1031512502743, vstest.console.dll, AssemblyResolver.OnResolve: Microsoft.TestPlatform.TestHostRuntimeProvider: Loading assembly 'C:\Program Files\dotnet\sdk\5.0.302\Extensions\Microsoft.TestPlatform.TestHostRuntimeProvider.dll'.
TpTrace Information: 0 : 22620, 1, 2021/08/16, 15:44:14.765, 1031512508200, vstest.console.dll, AssemblyResolver.OnResolve: Resolved assembly: Microsoft.TestPlatform.TestHostRuntimeProvider, from path: C:\Program Files\dotnet\sdk\5.0.302\Extensions\Microsoft.TestPlatform.TestHostRuntimeProvider.dll
TpTrace Information: 0 : 22620, 1, 2021/08/16, 15:44:14.766, 1031512518530, vstest.console.dll, AssemblyResolver.OnResolve: Microsoft.VisualStudio.TestPlatform.Extensions.Html.TestLogger: Resolving assembly.
TpTrace Information: 0 : 22620, 1, 2021/08/16, 15:44:14.766, 1031512519293, vstest.console.dll, AssemblyResolver.OnResolve: Microsoft.VisualStudio.TestPlatform.Extensions.Html.TestLogger: Searching in: 'C:\Program Files\dotnet\sdk\5.0.302\Extensions'.
TpTrace Information: 0 : 22620, 1, 2021/08/16, 15:44:14.766, 1031512523673, vstest.console.dll, AssemblyResolver.OnResolve: Microsoft.VisualStudio.TestPlatform.Extensions.Html.TestLogger: Loading assembly 'C:\Program Files\dotnet\sdk\5.0.302\Extensions\Microsoft.VisualStudio.TestPlatform.Extensions.Html.TestLogger.dll'.
TpTrace Information: 0 : 22620, 1, 2021/08/16, 15:44:14.767, 1031512529201, vstest.console.dll, AssemblyResolver.OnResolve: Resolved assembly: Microsoft.VisualStudio.TestPlatform.Extensions.Html.TestLogger, from path: C:\Program Files\dotnet\sdk\5.0.302\Extensions\Microsoft.VisualStudio.TestPlatform.Extensions.Html.TestLogger.dll
TpTrace Information: 0 : 22620, 1, 2021/08/16, 15:44:14.767, 1031512532101, vstest.console.dll, AssemblyResolver.OnResolve: Microsoft.VisualStudio.TestPlatform.Extensions.Trx.TestLogger: Resolving assembly.
TpTrace Information: 0 : 22620, 1, 2021/08/16, 15:44:14.767, 1031512532612, vstest.console.dll, AssemblyResolver.OnResolve: Microsoft.VisualStudio.TestPlatform.Extensions.Trx.TestLogger: Searching in: 'C:\Program Files\dotnet\sdk\5.0.302\Extensions'.
TpTrace Information: 0 : 22620, 1, 2021/08/16, 15:44:14.768, 1031512537503, vstest.console.dll, AssemblyResolver.OnResolve: Microsoft.VisualStudio.TestPlatform.Extensions.Trx.TestLogger: Loading assembly 'C:\Program Files\dotnet\sdk\5.0.302\Extensions\Microsoft.VisualStudio.TestPlatform.Extensions.Trx.TestLogger.dll'.
TpTrace Information: 0 : 22620, 1, 2021/08/16, 15:44:14.768, 1031512544671, vstest.console.dll, AssemblyResolver.OnResolve: Resolved assembly: Microsoft.VisualStudio.TestPlatform.Extensions.Trx.TestLogger, from path: C:\Program Files\dotnet\sdk\5.0.302\Extensions\Microsoft.VisualStudio.TestPlatform.Extensions.Trx.TestLogger.dll
TpTrace Verbose: 0 : 22620, 1, 2021/08/16, 15:44:14.769, 1031512550173, vstest.console.dll, TestPluginCache: Discovered the extensions using extension path ''.
TpTrace Verbose: 0 : 22620, 1, 2021/08/16, 15:44:14.769, 1031512550784, vstest.console.dll, TestPluginCache: Discoverers are ''.
TpTrace Verbose: 0 : 22620, 1, 2021/08/16, 15:44:14.769, 1031512551093, vstest.console.dll, TestPluginCache: Executors are ''.
TpTrace Verbose: 0 : 22620, 1, 2021/08/16, 15:44:14.769, 1031512551427, vstest.console.dll, TestPluginCache: Executors2 are ''.
TpTrace Verbose: 0 : 22620, 1, 2021/08/16, 15:44:14.769, 1031512551690, vstest.console.dll, TestPluginCache: Setting providers are ''.
TpTrace Verbose: 0 : 22620, 1, 2021/08/16, 15:44:14.769, 1031512551949, vstest.console.dll, TestPluginCache: Loggers are ''.
TpTrace Information: 0 : 22620, 1, 2021/08/16, 15:44:14.773, 1031512591693, vstest.console.dll, RunTestsArgumentProcessor:Execute: Test run is starting.
TpTrace Verbose: 0 : 22620, 1, 2021/08/16, 15:44:14.773, 1031512592582, vstest.console.dll, RunTestsArgumentProcessor:Execute: Queuing Test run.
TpTrace Information: 0 : 22620, 1, 2021/08/16, 15:44:14.773, 1031512594233, vstest.console.dll, TestRequestManager.RunTests: run tests started.
TpTrace Information: 0 : 22620, 1, 2021/08/16, 15:44:14.777, 1031512626327, vstest.console.dll, AssemblyMetadataProvider.GetFrameWork: Determined framework:'.NETCoreApp,Version=v3.1' for source: 'C:\dti\jwt-auth\src\jwtauth.Tests\bin\Debug\netcoreapp3.1\fine-code-coverage\build-output\jwtauth.Tests.dll'
TpTrace Information: 0 : 22620, 1, 2021/08/16, 15:44:14.777, 1031512628324, vstest.console.dll, Determined framework for all sources: .NETCoreApp,Version=v3.1
TpTrace Information: 0 : 22620, 1, 2021/08/16, 15:44:14.777, 1031512633567, vstest.console.dll, AssemblyMetadataProvider.GetArchitecture: Determined architecture:AnyCPU info for assembly: C:\dti\jwt-auth\src\jwtauth.Tests\bin\Debug\netcoreapp3.1\fine-code-coverage\build-output\jwtauth.Tests.dll
TpTrace Information: 0 : 22620, 1, 2021/08/16, 15:44:14.779, 1031512650564, vstest.console.dll, Determined platform for all sources: X64
TpTrace Information: 0 : 22620, 1, 2021/08/16, 15:44:14.781, 1031512673961, vstest.console.dll, Compatible sources list : 
TpTrace Information: 0 : 22620, 1, 2021/08/16, 15:44:14.781, 1031512674822, vstest.console.dll, C:\dti\jwt-auth\src\jwtauth.Tests\bin\Debug\netcoreapp3.1\fine-code-coverage\build-output\jwtauth.Tests.dll
TpTrace Information: 0 : 22620, 1, 2021/08/16, 15:44:14.783, 1031512692888, vstest.console.dll, InferRunSettingsHelper.IsTestSettingsEnabled: Unable to navigate to RunSettings/MSTest. Current node: RunSettings
TpTrace Information: 0 : 22620, 1, 2021/08/16, 15:44:14.784, 1031512699274, vstest.console.dll, AssemblyResolver.OnResolve: Microsoft.VisualStudio.TestPlatform.Fakes: Resolving assembly.
TpTrace Information: 0 : 22620, 1, 2021/08/16, 15:44:14.784, 1031512699984, vstest.console.dll, AssemblyResolver.OnResolve: Microsoft.VisualStudio.TestPlatform.Fakes: Searching in: 'C:\Program Files\dotnet\sdk\5.0.302\Extensions'.
TpTrace Information: 0 : 22620, 1, 2021/08/16, 15:44:14.784, 1031512701211, vstest.console.dll, AssemblyResolver.OnResolve: Microsoft.VisualStudio.TestPlatform.Fakes: Assembly path does not exist: 'C:\Program Files\dotnet\sdk\5.0.302\Extensions\Microsoft.VisualStudio.TestPlatform.Fakes.dll', returning.
TpTrace Information: 0 : 22620, 1, 2021/08/16, 15:44:14.784, 1031512701958, vstest.console.dll, AssemblyResolver.OnResolve: Microsoft.VisualStudio.TestPlatform.Fakes: Assembly path does not exist: 'C:\Program Files\dotnet\sdk\5.0.302\Extensions\Microsoft.VisualStudio.TestPlatform.Fakes.exe', returning.
TpTrace Information: 0 : 22620, 1, 2021/08/16, 15:44:14.784, 1031512702302, vstest.console.dll, AssemblyResolver.OnResolve: Microsoft.VisualStudio.TestPlatform.Fakes: Searching in: 'C:\Program Files\dotnet\sdk\5.0.302'.
TpTrace Information: 0 : 22620, 1, 2021/08/16, 15:44:14.784, 1031512703039, vstest.console.dll, AssemblyResolver.OnResolve: Microsoft.VisualStudio.TestPlatform.Fakes: Assembly path does not exist: 'C:\Program Files\dotnet\sdk\5.0.302\Microsoft.VisualStudio.TestPlatform.Fakes.dll', returning.
TpTrace Information: 0 : 22620, 1, 2021/08/16, 15:44:14.784, 1031512703785, vstest.console.dll, AssemblyResolver.OnResolve: Microsoft.VisualStudio.TestPlatform.Fakes: Assembly path does not exist: 'C:\Program Files\dotnet\sdk\5.0.302\Microsoft.VisualStudio.TestPlatform.Fakes.exe', returning.
TpTrace Information: 0 : 22620, 1, 2021/08/16, 15:44:14.784, 1031512704122, vstest.console.dll, AssemblyResolver.OnResolve: Microsoft.VisualStudio.TestPlatform.Fakes: Failed to load assembly.
TpTrace Information: 0 : 22620, 1, 2021/08/16, 15:44:14.785, 1031512707530, vstest.console.dll, Failed to create newly implemented Fakes Configurator. Reason:System.IO.FileNotFoundException: Could not load file or assembly 'Microsoft.VisualStudio.TestPlatform.Fakes, Version=16.0.0.0, Culture=neutral, PublicKeyToken=null'. O sistema não pode encontrar o arquivo especificado.
File name: 'Microsoft.VisualStudio.TestPlatform.Fakes, Version=16.0.0.0, Culture=neutral, PublicKeyToken=null'
   at System.Reflection.RuntimeAssembly.InternalLoad(ObjectHandleOnStack assemblyName, ObjectHandleOnStack requestingAssembly, StackCrawlMarkHandle stackMark, Boolean throwOnFileNotFound, ObjectHandleOnStack assemblyLoadContext, ObjectHandleOnStack retAssembly)
   at System.Reflection.RuntimeAssembly.InternalLoad(AssemblyName assemblyName, RuntimeAssembly requestingAssembly, StackCrawlMark& stackMark, Boolean throwOnFileNotFound, AssemblyLoadContext assemblyLoadContext)
   at System.Reflection.Assembly.Load(AssemblyName assemblyRef)
   at Microsoft.VisualStudio.TestPlatform.Common.Utilities.FakesUtilities.TryGetFakesCrossPlatformDataCollectorConfigurator() 
TpTrace Verbose: 0 : 22620, 1, 2021/08/16, 15:44:14.788, 1031512738673, vstest.console.dll, TestPluginCache.DiscoverTestExtensions: finding test extensions in assemblies ends with: TestLogger.dll TPluginInfo: Microsoft.VisualStudio.TestPlatform.Common.ExtensionFramework.Utilities.TestLoggerPluginInformation TExtension: Microsoft.VisualStudio.TestPlatform.ObjectModel.Client.ITestLogger
TpTrace Verbose: 0 : 22620, 1, 2021/08/16, 15:44:14.788, 1031512739532, vstest.console.dll, TestPluginCache.GetExtensionPaths: Filtered extension paths: 
TpTrace Verbose: 0 : 22620, 1, 2021/08/16, 15:44:14.788, 1031512739900, vstest.console.dll, TestPluginCache.GetExtensionPaths: Added default extension paths: C:\Program Files\dotnet\sdk\5.0.302\Extensions\Microsoft.Diagnostics.NETCore.Client.dll
C:\Program Files\dotnet\sdk\5.0.302\Extensions\Microsoft.TestPlatform.Extensions.BlameDataCollector.dll
C:\Program Files\dotnet\sdk\5.0.302\Extensions\Microsoft.TestPlatform.Extensions.EventLogCollector.dll
C:\Program Files\dotnet\sdk\5.0.302\Extensions\Microsoft.TestPlatform.TestHostRuntimeProvider.dll
C:\Program Files\dotnet\sdk\5.0.302\Extensions\Microsoft.VisualStudio.TestPlatform.Extensions.Html.TestLogger.dll
C:\Program Files\dotnet\sdk\5.0.302\Extensions\Microsoft.VisualStudio.TestPlatform.Extensions.Trx.TestLogger.dll
TpTrace Verbose: 0 : 22620, 1, 2021/08/16, 15:44:14.788, 1031512740309, vstest.console.dll, TestPluginCache.GetExtensionPaths: Added unfilterableExtensionPaths: 
TpTrace Information: 0 : 22620, 1, 2021/08/16, 15:44:14.788, 1031512741694, vstest.console.dll, AssemblyResolver.AddSearchDirectories: Adding more searchDirectories C:\Program Files\dotnet\sdk\5.0.302\Extensions,C:\Program Files\dotnet\sdk\5.0.302
TpTrace Verbose: 0 : 22620, 1, 2021/08/16, 15:44:14.788, 1031512742203, vstest.console.dll, TestPluginCache.DiscoverTestExtensions: Discovering the extensions using extension path.
TpTrace Verbose: 0 : 22620, 1, 2021/08/16, 15:44:14.788, 1031512742534, vstest.console.dll, TestPluginCache.GetExtensionPaths: Filtered extension paths: 
TpTrace Verbose: 0 : 22620, 1, 2021/08/16, 15:44:14.788, 1031512742867, vstest.console.dll, TestPluginCache.GetExtensionPaths: Added default extension paths: C:\Program Files\dotnet\sdk\5.0.302\Extensions\Microsoft.Diagnostics.NETCore.Client.dll
C:\Program Files\dotnet\sdk\5.0.302\Extensions\Microsoft.TestPlatform.Extensions.BlameDataCollector.dll
C:\Program Files\dotnet\sdk\5.0.302\Extensions\Microsoft.TestPlatform.Extensions.EventLogCollector.dll
C:\Program Files\dotnet\sdk\5.0.302\Extensions\Microsoft.TestPlatform.TestHostRuntimeProvider.dll
C:\Program Files\dotnet\sdk\5.0.302\Extensions\Microsoft.VisualStudio.TestPlatform.Extensions.Html.TestLogger.dll
C:\Program Files\dotnet\sdk\5.0.302\Extensions\Microsoft.VisualStudio.TestPlatform.Extensions.Trx.TestLogger.dll
TpTrace Verbose: 0 : 22620, 1, 2021/08/16, 15:44:14.788, 1031512743260, vstest.console.dll, TestPluginCache.GetExtensionPaths: Added unfilterableExtensionPaths: 
TpTrace Verbose: 0 : 22620, 1, 2021/08/16, 15:44:14.788, 1031512743586, vstest.console.dll, TestPluginCache.DiscoverTestExtensions: Discovering the extensions using allExtensionPaths: C:\Program Files\dotnet\sdk\5.0.302\Extensions\Microsoft.Diagnostics.NETCore.Client.dll
C:\Program Files\dotnet\sdk\5.0.302\Extensions\Microsoft.TestPlatform.Extensions.BlameDataCollector.dll
C:\Program Files\dotnet\sdk\5.0.302\Extensions\Microsoft.TestPlatform.Extensions.EventLogCollector.dll
C:\Program Files\dotnet\sdk\5.0.302\Extensions\Microsoft.TestPlatform.TestHostRuntimeProvider.dll
C:\Program Files\dotnet\sdk\5.0.302\Extensions\Microsoft.VisualStudio.TestPlatform.Extensions.Html.TestLogger.dll
C:\Program Files\dotnet\sdk\5.0.302\Extensions\Microsoft.VisualStudio.TestPlatform.Extensions.Trx.TestLogger.dll
TpTrace Information: 0 : 22620, 1, 2021/08/16, 15:44:14.788, 1031512744096, vstest.console.dll, AssemblyResolver.AddSearchDirectories: Adding more searchDirectories C:\Program Files\dotnet\sdk\5.0.302\Extensions,C:\Program Files\dotnet\sdk\5.0.302
TpTrace Information: 0 : 22620, 1, 2021/08/16, 15:44:14.788, 1031512744437, vstest.console.dll, AssemblyResolver.AddSearchDirectories: Adding more searchDirectories C:\Program Files\dotnet\sdk\5.0.302\Extensions,C:\Program Files\dotnet\sdk\5.0.302
TpTrace Information: 0 : 22620, 1, 2021/08/16, 15:44:14.788, 1031512744746, vstest.console.dll, AssemblyResolver.AddSearchDirectories: Adding more searchDirectories C:\Program Files\dotnet\sdk\5.0.302\Extensions,C:\Program Files\dotnet\sdk\5.0.302
TpTrace Information: 0 : 22620, 1, 2021/08/16, 15:44:14.788, 1031512745095, vstest.console.dll, AssemblyResolver.AddSearchDirectories: Adding more searchDirectories C:\Program Files\dotnet\sdk\5.0.302\Extensions,C:\Program Files\dotnet\sdk\5.0.302
TpTrace Information: 0 : 22620, 1, 2021/08/16, 15:44:14.788, 1031512745407, vstest.console.dll, AssemblyResolver.AddSearchDirectories: Adding more searchDirectories C:\Program Files\dotnet\sdk\5.0.302\Extensions,C:\Program Files\dotnet\sdk\5.0.302
TpTrace Information: 0 : 22620, 1, 2021/08/16, 15:44:14.788, 1031512745707, vstest.console.dll, AssemblyResolver.AddSearchDirectories: Adding more searchDirectories C:\Program Files\dotnet\sdk\5.0.302\Extensions,C:\Program Files\dotnet\sdk\5.0.302
TpTrace Information: 0 : 22620, 1, 2021/08/16, 15:44:14.789, 1031512747839, vstest.console.dll, AssemblyResolver.OnResolve: Microsoft.Bcl.AsyncInterfaces: Resolving assembly.
TpTrace Information: 0 : 22620, 1, 2021/08/16, 15:44:14.789, 1031512748245, vstest.console.dll, AssemblyResolver.OnResolve: Microsoft.Bcl.AsyncInterfaces: Resolved from cache.
TpTrace Verbose: 0 : 22620, 1, 2021/08/16, 15:44:14.789, 1031512748577, vstest.console.dll, CurrentDomainAssemblyResolve: Resolving assembly 'Microsoft.Bcl.AsyncInterfaces'.
TpTrace Information: 0 : 22620, 1, 2021/08/16, 15:44:14.789, 1031512749140, vstest.console.dll, AssemblyResolver.OnResolve: Microsoft.Bcl.AsyncInterfaces: Resolving assembly.
TpTrace Information: 0 : 22620, 1, 2021/08/16, 15:44:14.789, 1031512749469, vstest.console.dll, AssemblyResolver.OnResolve: Microsoft.Bcl.AsyncInterfaces: Resolved from cache.
TpTrace Verbose: 0 : 22620, 1, 2021/08/16, 15:44:14.789, 1031512749806, vstest.console.dll, CurrentDomainAssemblyResolve: Resolving assembly 'Microsoft.Bcl.AsyncInterfaces'.
TpTrace Verbose: 0 : 22620, 1, 2021/08/16, 15:44:14.789, 1031512750168, vstest.console.dll, CurrentDomainAssemblyResolve: Failed to resolve assembly 'Microsoft.Bcl.AsyncInterfaces'.
TpTrace Verbose: 0 : 22620, 1, 2021/08/16, 15:44:14.789, 1031512751483, vstest.console.dll, CurrentDomainAssemblyResolve: Failed to resolve assembly 'Microsoft.Bcl.AsyncInterfaces'.
TpTrace Warning: 0 : 22620, 1, 2021/08/16, 15:44:14.789, 1031512753916, vstest.console.dll, TestPluginDiscoverer: Failed to get types from assembly 'Microsoft.Diagnostics.NETCore.Client, Version=0.2.2.41902, Culture=neutral, PublicKeyToken=31bf3856ad364e35'.  Skipping test extension scan for this assembly.  Error: System.Reflection.ReflectionTypeLoadException: Unable to load one or more of the requested types.
Could not load file or assembly 'Microsoft.Bcl.AsyncInterfaces, Version=1.0.0.0, Culture=neutral, PublicKeyToken=cc7b13ffcd2ddd51'. O sistema não pode encontrar o arquivo especificado.
   at System.Reflection.RuntimeModule.GetTypes(RuntimeModule module)
   at System.Reflection.RuntimeModule.GetTypes()
   at System.Reflection.Assembly.GetTypes()
   at Microsoft.VisualStudio.TestPlatform.Common.ExtensionFramework.TestPluginDiscoverer.GetTestExtensionsFromAssembly[TPluginInfo,TExtension](Assembly assembly, Dictionary`2 pluginInfos)
System.IO.FileNotFoundException: Could not load file or assembly 'Microsoft.Bcl.AsyncInterfaces, Version=1.0.0.0, Culture=neutral, PublicKeyToken=cc7b13ffcd2ddd51'. O sistema não pode encontrar o arquivo especificado.
File name: 'Microsoft.Bcl.AsyncInterfaces, Version=1.0.0.0, Culture=neutral, PublicKeyToken=cc7b13ffcd2ddd51'
TpTrace Warning: 0 : 22620, 1, 2021/08/16, 15:44:14.789, 1031512754441, vstest.console.dll, LoaderExceptions: System.IO.FileNotFoundException: Could not load file or assembly 'Microsoft.Bcl.AsyncInterfaces, Version=1.0.0.0, Culture=neutral, PublicKeyToken=cc7b13ffcd2ddd51'. O sistema não pode encontrar o arquivo especificado.
File name: 'Microsoft.Bcl.AsyncInterfaces, Version=1.0.0.0, Culture=neutral, PublicKeyToken=cc7b13ffcd2ddd51'
TpTrace Verbose: 0 : 22620, 1, 2021/08/16, 15:44:14.790, 1031512757820, vstest.console.dll, TestPluginCache: Discovered the extensions using extension path ''.
TpTrace Verbose: 0 : 22620, 1, 2021/08/16, 15:44:14.790, 1031512758312, vstest.console.dll, TestPluginCache: Discoverers are ''.
TpTrace Verbose: 0 : 22620, 1, 2021/08/16, 15:44:14.790, 1031512758609, vstest.console.dll, TestPluginCache: Executors are ''.
TpTrace Verbose: 0 : 22620, 1, 2021/08/16, 15:44:14.790, 1031512758908, vstest.console.dll, TestPluginCache: Executors2 are ''.
TpTrace Verbose: 0 : 22620, 1, 2021/08/16, 15:44:14.790, 1031512759184, vstest.console.dll, TestPluginCache: Setting providers are ''.
TpTrace Verbose: 0 : 22620, 1, 2021/08/16, 15:44:14.790, 1031512759791, vstest.console.dll, TestPluginCache: Loggers are 'logger://Microsoft/TestPlatform/Extensions/Blame/v1,logger://Microsoft/TestPlatform/HtmlLogger/v1,logger://Microsoft/TestPlatform/TrxLogger/v1'.
TpTrace Information: 0 : 22620, 1, 2021/08/16, 15:44:14.790, 1031512765186, vstest.console.dll, TestPluginManager.CreateTestExtension: Attempting to load test extension: Microsoft.TestPlatform.Extensions.BlameDataCollector.BlameLogger
TpTrace Information: 0 : 22620, 1, 2021/08/16, 15:44:14.799, 1031512849711, vstest.console.dll, TestPluginManager.CreateTestExtension: Attempting to load test extension: Microsoft.VisualStudio.TestPlatform.CrossPlatEngine.Hosting.DefaultTestHostManager
TpTrace Information: 0 : 22620, 1, 2021/08/16, 15:44:14.799, 1031512852552, vstest.console.dll, TestPluginManager.CreateTestExtension: Attempting to load test extension: Microsoft.VisualStudio.TestPlatform.CrossPlatEngine.Hosting.DotnetTestHostManager
TpTrace Verbose: 0 : 22620, 1, 2021/08/16, 15:44:14.800, 1031512857822, vstest.console.dll, TestEngine: Initializing Parallel Execution as MaxCpuCount is set to: 1
TpTrace Information: 0 : 22620, 1, 2021/08/16, 15:44:14.800, 1031512862382, vstest.console.dll, InferRunSettingsHelper.IsTestSettingsEnabled: Unable to navigate to RunSettings/MSTest. Current node: RunSettings
TpTrace Verbose: 0 : 22620, 1, 2021/08/16, 15:44:14.812, 1031512979554, vstest.console.dll, TestRequestSender is acting as server
TpTrace Verbose: 0 : 22620, 4, 2021/08/16, 15:44:14.815, 1031513008587, vstest.console.dll, DataCollectionRequestSender.InitializeCommunication : Initialize communication. 
TpTrace Information: 0 : 22620, 4, 2021/08/16, 15:44:14.825, 1031513111944, vstest.console.dll, Listening on Endpoint : 127.0.0.1:53761
TpTrace Verbose: 0 : 22620, 4, 2021/08/16, 15:44:14.839, 1031513252554, vstest.console.dll, DotnetDataCollectionLauncher: Full path of dotnet.exe is C:\Program Files\dotnet\dotnet.exe
TpTrace Verbose: 0 : 22620, 4, 2021/08/16, 15:44:14.839, 1031513255922, vstest.console.dll, DotnetDataCollectionLauncher: Adding  --runtimeconfig "C:\Program Files\dotnet\sdk\5.0.302\datacollector.runtimeconfig.json" in args
TpTrace Verbose: 0 : 22620, 4, 2021/08/16, 15:44:14.840, 1031513257316, vstest.console.dll, DotnetDataCollectionLauncher: Adding  --depsfile "C:\Program Files\dotnet\sdk\5.0.302\datacollector.deps.json" in args
TpTrace Information: 0 : 22620, 4, 2021/08/16, 15:44:14.848, 1031513338578, vstest.console.dll, ProxyDataCollectionManager.Initialize: Launched datacollector processId: 10024 port: 53761
TpTrace Information: 0 : 22620, 4, 2021/08/16, 15:44:14.848, 1031513340108, vstest.console.dll, ProxyDataCollectionManager.Initialize: waiting for connection with timeout: 90 seconds
TpTrace Verbose: 0 : 22620, 4, 2021/08/16, 15:44:14.848, 1031513340707, vstest.console.dll, DataCollectionRequestSender.WaitForRequestHandlerConnection : Waiting for connection with timeout: 90000
TpTrace Information: 0 : 22620, 7, 2021/08/16, 15:44:14.998, 1031514842820, vstest.console.dll, Using the buffer size of 16384 bytes
TpTrace Verbose: 0 : 22620, 4, 2021/08/16, 15:44:14.998, 1031514843671, vstest.console.dll, ProxyDataCollectionManager.InvokeDataCollectionServiceAction: Starting.
TpTrace Information: 0 : 22620, 7, 2021/08/16, 15:44:14.998, 1031514843838, vstest.console.dll, Accepted Client request and set the flag
TpTrace Information: 0 : 22620, 4, 2021/08/16, 15:44:14.998, 1031514845206, vstest.console.dll, ProxyDataCollectionManager.BeforeTestRunStart: Get environment variable and port for datacollector processId: 10024 port: 53761
TpTrace Verbose: 0 : 22620, 4, 2021/08/16, 15:44:14.999, 1031514846769, vstest.console.dll, DataCollectionRequestSender.SendBeforeTestRunStartAndGetResult : Send BeforeTestRunStart message with settingsXml <RunSettings><RunConfiguration><ResultsDirectory>C:\dti\jwt-auth\src\jwtauth.Tests\bin\Debug\netcoreapp3.1\fine-code-coverage\coverage-tool-output</ResultsDirectory><TargetPlatform>X64</TargetPlatform><TargetFrameworkVersion>.NETCoreApp,Version=v3.1</TargetFrameworkVersion><DesignMode>False</DesignMode><CollectSourceInformation>False</CollectSourceInformation><TestAdaptersPaths>C:\Program Files\dotnet\sdk\5.0.302\Extensions</TestAdaptersPaths></RunConfiguration><LoggerRunSettings><Loggers><Logger friendlyName="blame" enabled="True" /><Logger friendlyName="Console" uri="logger://microsoft/TestPlatform/ConsoleLogger/v1" assemblyQualifiedName="Microsoft.VisualStudio.TestPlatform.CommandLine.Internal.ConsoleLogger, vstest.console, Version=15.0.0.0, Culture=neutral, PublicKeyToken=b03f5f7f11d50a3a" codeBase="C:\Program Files\dotnet\sdk\5.0.302\vstest.console.dll" enabled="True" /></Loggers></LoggerRunSettings><DataCollectionRunSettings><DataCollectors><DataCollector friendlyName="blame" enabled="True"><Configuration><ResultsDirectory>C:\dti\jwt-auth\src\jwtauth.Tests\bin\Debug\netcoreapp3.1\fine-code-coverage\coverage-tool-output</ResultsDirectory></Configuration></DataCollector></DataCollectors></DataCollectionRunSettings></RunSettings> and sources System.Linq.Enumerable+Concat2Iterator`1[System.String]: 
TpTrace Verbose: 0 : 22620, 4, 2021/08/16, 15:44:15.077, 1031515631825, vstest.console.dll, DataCollectionRequestSender.SendBeforeTestRunStartAndGetResult : Received message: (DataCollection.SendMessage) -> {
  "FriendlyName": null,
  "Uri": null,
  "TestCaseId": "00000000-0000-0000-0000-000000000000",
  "Message": "Logging DataCollector Diagnostics in file: C:\\dti\\jwt-auth\\src\\jwtauth.Tests\\bin\\Debug\\netcoreapp3.1\\fine-code-coverage\\coverage-tool-output\\diagnostics.datacollector.21-08-16_15-44-14_83327_4.log",
  "Level": 0
}
TpTrace Verbose: 0 : 22620, 4, 2021/08/16, 15:44:15.147, 1031516331076, vstest.console.dll, DataCollectionRequestSender.SendBeforeTestRunStartAndGetResult : Received message: (DataCollection.BeforeTestRunStartResult) -> {
  "EnvironmentVariables": {},
  "DataCollectionEventsPort": 53763
}
TpTrace Information: 0 : 22620, 4, 2021/08/16, 15:44:15.151, 1031516370348, vstest.console.dll, ProxyDataCollectionManager.BeforeTestRunStart: SendBeforeTestRunStartAndGetResult successful, env variable from datacollector:   and testhost port: 53763
TpTrace Information: 0 : 22620, 4, 2021/08/16, 15:44:15.151, 1031516371329, vstest.console.dll, ProxyDataCollectionManager.InvokeDataCollectionServiceAction: Completed.
TpTrace Verbose: 0 : 22620, 1, 2021/08/16, 15:44:15.151, 1031516372779, vstest.console.dll, TestRunRequest.ExecuteAsync: Creating test run request.
TpTrace Verbose: 0 : 22620, 1, 2021/08/16, 15:44:15.151, 1031516375515, vstest.console.dll, TestRunRequest.ExecuteAsync: Starting.
TpTrace Information: 0 : 22620, 1, 2021/08/16, 15:44:15.152, 1031516378028, vstest.console.dll, TestRunRequest.ExecuteAsync: Starting run with settings:TestRunCriteria:
   KeepAlive=False,FrequencyOfRunStatsChangeEvent=10,RunStatsChangeEventTimeout=00:00:01.5000000,TestCaseFilter=,TestExecutorLauncher=
   Settingsxml=<RunSettings>
  <RunConfiguration>
    <ResultsDirectory>C:\dti\jwt-auth\src\jwtauth.Tests\bin\Debug\netcoreapp3.1\fine-code-coverage\coverage-tool-output</ResultsDirectory>
    <TargetPlatform>X64</TargetPlatform>
    <TargetFrameworkVersion>.NETCoreApp,Version=v3.1</TargetFrameworkVersion>
    <DesignMode>False</DesignMode>
    <CollectSourceInformation>False</CollectSourceInformation>
  </RunConfiguration>
  <LoggerRunSettings>
    <Loggers>
      <Logger friendlyName="blame" enabled="True" />
      <Logger friendlyName="Console" uri="logger://microsoft/TestPlatform/ConsoleLogger/v1" assemblyQualifiedName="Microsoft.VisualStudio.TestPlatform.CommandLine.Internal.ConsoleLogger, vstest.console, Version=15.0.0.0, Culture=neutral, PublicKeyToken=b03f5f7f11d50a3a" codeBase="C:\Program Files\dotnet\sdk\5.0.302\vstest.console.dll" enabled="True" />
    </Loggers>
  </LoggerRunSettings>
  <DataCollectionRunSettings>
    <DataCollectors>
      <DataCollector friendlyName="blame" enabled="True">
        <Configuration>
          <ResultsDirectory>C:\dti\jwt-auth\src\jwtauth.Tests\bin\Debug\netcoreapp3.1\fine-code-coverage\coverage-tool-output</ResultsDirectory>
        </Configuration>
      </DataCollector>
    </DataCollectors>
  </DataCollectionRunSettings>
</RunSettings>

TpTrace Verbose: 0 : 22620, 1, 2021/08/16, 15:44:15.152, 1031516378567, vstest.console.dll, TestRunRequest.ExecuteAsync: Wait for the first run request is over.
TpTrace Verbose: 0 : 22620, 1, 2021/08/16, 15:44:15.152, 1031516382323, vstest.console.dll, ParallelProxyExecutionManager: Start execution. Total sources: 1
TpTrace Information: 0 : 22620, 1, 2021/08/16, 15:44:15.153, 1031516387815, vstest.console.dll, ProxyParallelExecutionManager: Triggering test run for next source: C:\dti\jwt-auth\src\jwtauth.Tests\bin\Debug\netcoreapp3.1\fine-code-coverage\build-output\jwtauth.Tests.dll
TpTrace Verbose: 0 : 22620, 4, 2021/08/16, 15:44:15.153, 1031516389620, vstest.console.dll, ParallelProxyExecutionManager: Execution started. Started clients: 1
TpTrace Verbose: 0 : 22620, 1, 2021/08/16, 15:44:15.153, 1031516389712, vstest.console.dll, ProxyParallelExecutionManager: No sources available for execution.
TpTrace Information: 0 : 22620, 1, 2021/08/16, 15:44:15.153, 1031516390822, vstest.console.dll, TestRunRequest.ExecuteAsync: Started.
TpTrace Verbose: 0 : 22620, 1, 2021/08/16, 15:44:15.153, 1031516391548, vstest.console.dll, TestRunRequest.WaitForCompletion: Waiting with timeout -1.
TpTrace Verbose: 0 : 22620, 4, 2021/08/16, 15:44:15.153, 1031516392282, vstest.console.dll, TestRunRequest:SendTestRunMessage: Starting.
TpTrace Information: 0 : 22620, 4, 2021/08/16, 15:44:15.153, 1031516393311, vstest.console.dll, TestRunRequest:SendTestRunMessage: Completed.
TpTrace Verbose: 0 : 22620, 4, 2021/08/16, 15:44:15.153, 1031516395200, vstest.console.dll, ProxyExecutionManager: Test host is always Lazy initialize.
TpTrace Verbose: 0 : 22620, 4, 2021/08/16, 15:44:15.154, 1031516397156, vstest.console.dll, TestRequestSender.InitializeCommunication: initialize communication. 
TpTrace Information: 0 : 22620, 4, 2021/08/16, 15:44:15.154, 1031516401702, vstest.console.dll, SocketServer.Start: Listening on endpoint : 127.0.0.1:53764
TpTrace Verbose: 0 : 22620, 4, 2021/08/16, 15:44:15.155, 1031516407808, vstest.console.dll, DotnetTestHostmanager: Adding  --runtimeconfig "C:\dti\jwt-auth\src\jwtauth.Tests\bin\Debug\netcoreapp3.1\fine-code-coverage\build-output\jwtauth.Tests.runtimeconfig.json" in args
TpTrace Verbose: 0 : 22620, 4, 2021/08/16, 15:44:15.155, 1031516409016, vstest.console.dll, DotnetTestHostmanager: Adding  --depsfile "C:\dti\jwt-auth\src\jwtauth.Tests\bin\Debug\netcoreapp3.1\fine-code-coverage\build-output\jwtauth.Tests.deps.json" in args
TpTrace Verbose: 0 : 22620, 4, 2021/08/16, 15:44:15.155, 1031516411014, vstest.console.dll, DotnetTestHostManager: Testhost.exe/testhost.x86.exe found at path: C:\dti\jwt-auth\src\jwtauth.Tests\bin\Debug\netcoreapp3.1\fine-code-coverage\build-output\testhost.exe
TpTrace Verbose: 0 : 22620, 4, 2021/08/16, 15:44:15.155, 1031516411481, vstest.console.dll, DotnetTestHostmanager: Full path of host exe is C:\dti\jwt-auth\src\jwtauth.Tests\bin\Debug\netcoreapp3.1\fine-code-coverage\build-output\testhost.exe
TpTrace Verbose: 0 : 22620, 6, 2021/08/16, 15:44:15.156, 1031516419971, vstest.console.dll, DotnetTestHostManager: Starting process 'C:\dti\jwt-auth\src\jwtauth.Tests\bin\Debug\netcoreapp3.1\fine-code-coverage\build-output\testhost.exe' with command line ' --runtimeconfig "C:\dti\jwt-auth\src\jwtauth.Tests\bin\Debug\netcoreapp3.1\fine-code-coverage\build-output\jwtauth.Tests.runtimeconfig.json" --depsfile "C:\dti\jwt-auth\src\jwtauth.Tests\bin\Debug\netcoreapp3.1\fine-code-coverage\build-output\jwtauth.Tests.deps.json" --port 53764 --endpoint 127.0.0.1:053764 --role client --parentprocessid 22620 --diag "C:\dti\jwt-auth\src\jwtauth.Tests\bin\Debug\netcoreapp3.1\fine-code-coverage\coverage-tool-output\diagnostics.host.21-08-16_15-44-15_15482_4.log" --tracelevel 4 --datacollectionport 53763 --telemetryoptedin false'
TpTrace Verbose: 0 : 22620, 6, 2021/08/16, 15:44:15.163, 1031516489655, vstest.console.dll, Test Runtime launched
TpTrace Verbose: 0 : 22620, 4, 2021/08/16, 15:44:15.164, 1031516498058, vstest.console.dll, TestRequestSender.WaitForRequestHandlerConnection: waiting for connection with timeout: 90000
TpTrace Verbose: 0 : 22620, 14, 2021/08/16, 15:44:15.340, 1031518261677, vstest.console.dll, SocketServer.OnClientConnected: Client connected for endPoint: 127.0.0.1:53764, starting MessageLoopAsync:
TpTrace Verbose: 0 : 22620, 13, 2021/08/16, 15:44:15.340, 1031518265008, vstest.console.dll, TcpClientExtensions.MessageLoopAsync: Polling on remoteEndPoint: 127.0.0.1:53765 localEndPoint: 127.0.0.1:53764
TpTrace Verbose: 0 : 22620, 13, 2021/08/16, 15:44:15.486, 1031519720037, vstest.console.dll, TcpClientExtensions.MessageLoopAsync: NotifyDataAvailable remoteEndPoint: 127.0.0.1:53765 localEndPoint: 127.0.0.1:53764
TpTrace Verbose: 0 : 22620, 13, 2021/08/16, 15:44:15.486, 1031519722465, vstest.console.dll, TestRequestSender.CheckVersionWithTestHost: onMessageReceived received message: (ProtocolVersion) -> 5
TpTrace Verbose: 0 : 22620, 13, 2021/08/16, 15:44:15.487, 1031519726879, vstest.console.dll, TcpClientExtensions.MessageLoopAsync: Polling on remoteEndPoint: 127.0.0.1:53765 localEndPoint: 127.0.0.1:53764
TpTrace Verbose: 0 : 22620, 4, 2021/08/16, 15:44:15.487, 1031519728494, vstest.console.dll, TestPluginCache.GetExtensionPaths: Filtered extension paths: 
TpTrace Verbose: 0 : 22620, 4, 2021/08/16, 15:44:15.487, 1031519729172, vstest.console.dll, TestPluginCache.GetExtensionPaths: Added default extension paths: C:\Program Files\dotnet\sdk\5.0.302\Extensions\Microsoft.Diagnostics.NETCore.Client.dll
C:\Program Files\dotnet\sdk\5.0.302\Extensions\Microsoft.TestPlatform.Extensions.BlameDataCollector.dll
C:\Program Files\dotnet\sdk\5.0.302\Extensions\Microsoft.TestPlatform.Extensions.EventLogCollector.dll
C:\Program Files\dotnet\sdk\5.0.302\Extensions\Microsoft.TestPlatform.TestHostRuntimeProvider.dll
C:\Program Files\dotnet\sdk\5.0.302\Extensions\Microsoft.VisualStudio.TestPlatform.Extensions.Html.TestLogger.dll
C:\Program Files\dotnet\sdk\5.0.302\Extensions\Microsoft.VisualStudio.TestPlatform.Extensions.Trx.TestLogger.dll
TpTrace Verbose: 0 : 22620, 4, 2021/08/16, 15:44:15.487, 1031519729559, vstest.console.dll, TestPluginCache.GetExtensionPaths: Added unfilterableExtensionPaths: 
TpTrace Verbose: 0 : 22620, 4, 2021/08/16, 15:44:15.491, 1031519771204, vstest.console.dll, TestRequestSender.InitializeExecution: Sending initializing execution with message: {"Version":5,"MessageType":"TestExecution.Initialize","Payload":["C:\\dti\\jwt-auth\\src\\jwtauth.Tests\\bin\\Debug\\netcoreapp3.1\\fine-code-coverage\\build-output\\xunit.runner.visualstudio.dotnetcore.testadapter.dll"]}
TpTrace Verbose: 0 : 22620, 13, 2021/08/16, 15:44:15.501, 1031519874207, vstest.console.dll, TcpClientExtensions.MessageLoopAsync: NotifyDataAvailable remoteEndPoint: 127.0.0.1:53765 localEndPoint: 127.0.0.1:53764
TpTrace Verbose: 0 : 22620, 4, 2021/08/16, 15:44:15.501, 1031519875695, vstest.console.dll, TestRequestSender.StartTestRun: Sending test run with message: {"Version":5,"MessageType":"TestExecution.StartWithSources","Payload":{"AdapterSourceMap":{"_none_":["C:\\dti\\jwt-auth\\src\\jwtauth.Tests\\bin\\Debug\\netcoreapp3.1\\fine-code-coverage\\build-output\\jwtauth.Tests.dll"]},"RunSettings":"<RunSettings>\r\n  <RunConfiguration>\r\n    <ResultsDirectory>C:\\dti\\jwt-auth\\src\\jwtauth.Tests\\bin\\Debug\\netcoreapp3.1\\fine-code-coverage\\coverage-tool-output</ResultsDirectory>\r\n    <TargetPlatform>X64</TargetPlatform>\r\n    <TargetFrameworkVersion>.NETCoreApp,Version=v3.1</TargetFrameworkVersion>\r\n    <DesignMode>False</DesignMode>\r\n    <CollectSourceInformation>False</CollectSourceInformation>\r\n  </RunConfiguration>\r\n  <LoggerRunSettings>\r\n    <Loggers>\r\n      <Logger friendlyName=\"blame\" enabled=\"True\" />\r\n      <Logger friendlyName=\"Console\" uri=\"logger://microsoft/TestPlatform/ConsoleLogger/v1\" assemblyQualifiedName=\"Microsoft.VisualStudio.TestPlatform.CommandLine.Internal.ConsoleLogger, vstest.console, Version=15.0.0.0, Culture=neutral, PublicKeyToken=b03f5f7f11d50a3a\" codeBase=\"C:\\Program Files\\dotnet\\sdk\\5.0.302\\vstest.console.dll\" enabled=\"True\" />\r\n    </Loggers>\r\n  </LoggerRunSettings>\r\n  <DataCollectionRunSettings>\r\n    <DataCollectors>\r\n      <DataCollector friendlyName=\"blame\" enabled=\"True\">\r\n        <Configuration>\r\n          <ResultsDirectory>C:\\dti\\jwt-auth\\src\\jwtauth.Tests\\bin\\Debug\\netcoreapp3.1\\fine-code-coverage\\coverage-tool-output</ResultsDirectory>\r\n        </Configuration>\r\n      </DataCollector>\r\n    </DataCollectors>\r\n  </DataCollectionRunSettings>\r\n</RunSettings>","TestExecutionContext":{"FrequencyOfRunStatsChangeEvent":10,"RunStatsChangeEventTimeout":"00:00:01.5000000","InIsolation":false,"KeepAlive":false,"AreTestCaseLevelEventsRequired":false,"IsDebug":false,"TestCaseFilter":null,"FilterOptions":null},"Package":null}}
TpTrace Verbose: 0 : 22620, 13, 2021/08/16, 15:44:15.502, 1031519876815, vstest.console.dll, TestRequestSender.OnExecutionMessageReceived: Received message: {"Version":5,"MessageType":"TestSession.Message","Payload":{"MessageLevel":0,"Message":"Registro em log do diagnóstico TestHost no arquivo: C:\\dti\\jwt-auth\\src\\jwtauth.Tests\\bin\\Debug\\netcoreapp3.1\\fine-code-coverage\\coverage-tool-output\\diagnostics.host.21-08-16_15-44-15_15482_4.log"}}
TpTrace Verbose: 0 : 22620, 13, 2021/08/16, 15:44:15.503, 1031519893432, vstest.console.dll, TestRunRequest:SendTestRunMessage: Starting.
TpTrace Information: 0 : 22620, 13, 2021/08/16, 15:44:15.503, 1031519894641, vstest.console.dll, TestRunRequest:SendTestRunMessage: Completed.
TpTrace Verbose: 0 : 22620, 13, 2021/08/16, 15:44:15.503, 1031519895111, vstest.console.dll, TcpClientExtensions.MessageLoopAsync: Polling on remoteEndPoint: 127.0.0.1:53765 localEndPoint: 127.0.0.1:53764
TpTrace Verbose: 0 : 22620, 13, 2021/08/16, 15:44:15.665, 1031521506293, vstest.console.dll, TcpClientExtensions.MessageLoopAsync: NotifyDataAvailable remoteEndPoint: 127.0.0.1:53765 localEndPoint: 127.0.0.1:53764
TpTrace Verbose: 0 : 22620, 13, 2021/08/16, 15:44:15.665, 1031521507604, vstest.console.dll, TestRequestSender.OnExecutionMessageReceived: Received message: {"Version":5,"MessageType":"TestSession.Message","Payload":{"MessageLevel":0,"Message":"[xUnit.net 00:00:00.00] xUnit.net VSTest Adapter v2.4.3+1b45f5407b (64-bit .NET Core 3.1.17)"}}
TpTrace Verbose: 0 : 22620, 13, 2021/08/16, 15:44:15.665, 1031521509392, vstest.console.dll, TestRunRequest:SendTestRunMessage: Starting.
TpTrace Information: 0 : 22620, 13, 2021/08/16, 15:44:15.665, 1031521509983, vstest.console.dll, TestRunRequest:SendTestRunMessage: Completed.
TpTrace Verbose: 0 : 22620, 13, 2021/08/16, 15:44:15.665, 1031521510360, vstest.console.dll, TcpClientExtensions.MessageLoopAsync: Polling on remoteEndPoint: 127.0.0.1:53765 localEndPoint: 127.0.0.1:53764
TpTrace Verbose: 0 : 22620, 13, 2021/08/16, 15:44:16.110, 1031525959247, vstest.console.dll, TcpClientExtensions.MessageLoopAsync: NotifyDataAvailable remoteEndPoint: 127.0.0.1:53765 localEndPoint: 127.0.0.1:53764
TpTrace Verbose: 0 : 22620, 13, 2021/08/16, 15:44:16.110, 1031525961443, vstest.console.dll, TestRequestSender.OnExecutionMessageReceived: Received message: {"Version":5,"MessageType":"TestSession.Message","Payload":{"MessageLevel":0,"Message":"[xUnit.net 00:00:00.44]   Discovering: jwtauth.Tests"}}
TpTrace Verbose: 0 : 22620, 13, 2021/08/16, 15:44:16.110, 1031525963445, vstest.console.dll, TestRunRequest:SendTestRunMessage: Starting.
TpTrace Information: 0 : 22620, 13, 2021/08/16, 15:44:16.110, 1031525964129, vstest.console.dll, TestRunRequest:SendTestRunMessage: Completed.
TpTrace Verbose: 0 : 22620, 13, 2021/08/16, 15:44:16.110, 1031525964790, vstest.console.dll, TcpClientExtensions.MessageLoopAsync: Polling on remoteEndPoint: 127.0.0.1:53765 localEndPoint: 127.0.0.1:53764
TpTrace Verbose: 0 : 22620, 13, 2021/08/16, 15:44:16.149, 1031526348239, vstest.console.dll, TcpClientExtensions.MessageLoopAsync: NotifyDataAvailable remoteEndPoint: 127.0.0.1:53765 localEndPoint: 127.0.0.1:53764
TpTrace Verbose: 0 : 22620, 13, 2021/08/16, 15:44:16.149, 1031526349904, vstest.console.dll, TestRequestSender.OnExecutionMessageReceived: Received message: {"Version":5,"MessageType":"TestSession.Message","Payload":{"MessageLevel":0,"Message":"[xUnit.net 00:00:00.48]   Discovered:  jwtauth.Tests"}}
TpTrace Verbose: 0 : 22620, 13, 2021/08/16, 15:44:16.149, 1031526352965, vstest.console.dll, TestRunRequest:SendTestRunMessage: Starting.
TpTrace Information: 0 : 22620, 13, 2021/08/16, 15:44:16.149, 1031526354039, vstest.console.dll, TestRunRequest:SendTestRunMessage: Completed.
TpTrace Verbose: 0 : 22620, 13, 2021/08/16, 15:44:16.149, 1031526354725, vstest.console.dll, TcpClientExtensions.MessageLoopAsync: Polling on remoteEndPoint: 127.0.0.1:53765 localEndPoint: 127.0.0.1:53764
TpTrace Verbose: 0 : 22620, 13, 2021/08/16, 15:44:16.152, 1031526384755, vstest.console.dll, TcpClientExtensions.MessageLoopAsync: NotifyDataAvailable remoteEndPoint: 127.0.0.1:53765 localEndPoint: 127.0.0.1:53764
TpTrace Verbose: 0 : 22620, 13, 2021/08/16, 15:44:16.153, 1031526386730, vstest.console.dll, TestRequestSender.OnExecutionMessageReceived: Received message: {"Version":5,"MessageType":"TestSession.Message","Payload":{"MessageLevel":0,"Message":"[xUnit.net 00:00:00.49]   Starting:    jwtauth.Tests"}}
TpTrace Verbose: 0 : 22620, 13, 2021/08/16, 15:44:16.153, 1031526388678, vstest.console.dll, TestRunRequest:SendTestRunMessage: Starting.
TpTrace Information: 0 : 22620, 13, 2021/08/16, 15:44:16.153, 1031526389394, vstest.console.dll, TestRunRequest:SendTestRunMessage: Completed.
TpTrace Verbose: 0 : 22620, 13, 2021/08/16, 15:44:16.153, 1031526390068, vstest.console.dll, TcpClientExtensions.MessageLoopAsync: Polling on remoteEndPoint: 127.0.0.1:53765 localEndPoint: 127.0.0.1:53764
TpTrace Verbose: 0 : 22620, 13, 2021/08/16, 15:44:16.263, 1031527488584, vstest.console.dll, TcpClientExtensions.MessageLoopAsync: NotifyDataAvailable remoteEndPoint: 127.0.0.1:53765 localEndPoint: 127.0.0.1:53764
TpTrace Verbose: 0 : 22620, 13, 2021/08/16, 15:44:16.263, 1031527489901, vstest.console.dll, TestRequestSender.OnExecutionMessageReceived: Received message: {"Version":5,"MessageType":"TestSession.Message","Payload":{"MessageLevel":0,"Message":"[xUnit.net 00:00:00.60]   Finished:    jwtauth.Tests"}}
TpTrace Verbose: 0 : 22620, 13, 2021/08/16, 15:44:16.263, 1031527491638, vstest.console.dll, TestRunRequest:SendTestRunMessage: Starting.
TpTrace Information: 0 : 22620, 13, 2021/08/16, 15:44:16.263, 1031527492439, vstest.console.dll, TestRunRequest:SendTestRunMessage: Completed.
TpTrace Verbose: 0 : 22620, 13, 2021/08/16, 15:44:16.263, 1031527493013, vstest.console.dll, TcpClientExtensions.MessageLoopAsync: Polling on remoteEndPoint: 127.0.0.1:53765 localEndPoint: 127.0.0.1:53764
TpTrace Verbose: 0 : 22620, 13, 2021/08/16, 15:44:16.310, 1031527961072, vstest.console.dll, TcpClientExtensions.MessageLoopAsync: NotifyDataAvailable remoteEndPoint: 127.0.0.1:53765 localEndPoint: 127.0.0.1:53764
TpTrace Verbose: 0 : 22620, 13, 2021/08/16, 15:44:16.310, 1031527963545, vstest.console.dll, TestRequestSender.OnExecutionMessageReceived: Received message: {"Version":5,"MessageType":"TestExecution.Completed","Payload":{"TestRunCompleteArgs":{"TestRunStatistics":{"ExecutedTests":2,"Stats":{"Passed":2}},"IsCanceled":false,"IsAborted":false,"Error":null,"AttachmentSets":[],"ElapsedTimeInRunningTests":"00:00:00.6114739","Metrics":{}},"LastRunTests":{"NewTestResults":[{"TestCase":{"Id":"dc683453-c45c-8e0d-20df-e483cbd3eb61","FullyQualifiedName":"jwtauth.Tests.EncodePasswordHelperTests.EncodePassword_Sucesso","DisplayName":"jwtauth.Tests.EncodePasswordHelperTests.EncodePassword_Sucesso","ExecutorUri":"executor://xunit/VsTestRunner2/netcoreapp","Source":"C:\\dti\\jwt-auth\\src\\jwtauth.Tests\\bin\\Debug\\netcoreapp3.1\\fine-code-coverage\\build-output\\jwtauth.Tests.dll","CodeFilePath":null,"LineNumber":0,"Properties":[]},"Attachments":[],"Outcome":1,"ErrorMessage":null,"ErrorStackTrace":null,"DisplayName":"jwtauth.Tests.EncodePasswordHelperTests.EncodePassword_Sucesso","Messages":[],"ComputerName":"DPCMAGNOSANTOS","Duration":"00:00:00.0077859","StartTime":"2021-08-16T18:44:16.2433406+00:00","EndTime":"2021-08-16T18:44:16.2434202+00:00","Properties":[]},{"TestCase":{"Id":"0ad17d22-fbca-7cdb-5487-62f8029167e2","FullyQualifiedName":"jwtauth.Tests.EncodePasswordHelperTests.EncodePasswordValidade_Sucesso","DisplayName":"jwtauth.Tests.EncodePasswordHelperTests.EncodePasswordValidade_Sucesso","ExecutorUri":"executor://xunit/VsTestRunner2/netcoreapp","Source":"C:\\dti\\jwt-auth\\src\\jwtauth.Tests\\bin\\Debug\\netcoreapp3.1\\fine-code-coverage\\build-output\\jwtauth.Tests.dll","CodeFilePath":null,"LineNumber":0,"Properties":[]},"Attachments":[],"Outcome":1,"ErrorMessage":null,"ErrorStackTrace":null,"DisplayName":"jwtauth.Tests.EncodePasswordHelperTests.EncodePasswordValidade_Sucesso","Messages":[],"ComputerName":"DPCMAGNOSANTOS","Duration":"00:00:00.0045557","StartTime":"2021-08-16T18:44:16.2613062+00:00","EndTime":"2021-08-16T18:44:16.261308+00:00","Properties":[]}],"TestRunStatistics":{"ExecutedTests":2,"Stats":{"Passed":2}},"ActiveTests":[]},"RunAttachments":[],"ExecutorUris":["executor://xunit/VsTestRunner2/netcoreapp"]}}
TpTrace Verbose: 0 : 22620, 13, 2021/08/16, 15:44:16.313, 1031527994380, vstest.console.dll, TestRequestSender.EndSession: Sending end session.
TpTrace Verbose: 0 : 22620, 13, 2021/08/16, 15:44:16.314, 1031527996172, vstest.console.dll, ProxyOperationManager.Close: waiting for test host to exit for 100 ms
TpTrace Warning: 0 : 22620, 10, 2021/08/16, 15:44:16.338, 1031528237078, vstest.console.dll, TestHostManagerCallbacks.ErrorReceivedCallback Test host standard error line: 
TpTrace Verbose: 0 : 22620, 7, 2021/08/16, 15:44:16.347, 1031528335748, vstest.console.dll, TestHostProvider.ExitCallBack: Host exited starting callback.
TpTrace Information: 0 : 22620, 7, 2021/08/16, 15:44:16.348, 1031528340703, vstest.console.dll, TestHostManagerCallbacks.ExitCallBack: Testhost processId: 22976 exited with exitcode: 0 error: ''
TpTrace Verbose: 0 : 22620, 7, 2021/08/16, 15:44:16.348, 1031528341374, vstest.console.dll, DotnetTestHostManager.OnHostExited: invoking OnHostExited callback
TpTrace Verbose: 0 : 22620, 7, 2021/08/16, 15:44:16.348, 1031528341982, vstest.console.dll, CrossPlatEngine.TestHostManagerHostExited: calling on client process exit callback.
TpTrace Information: 0 : 22620, 7, 2021/08/16, 15:44:16.348, 1031528342556, vstest.console.dll, TestRequestSender.OnClientProcessExit: Test host process exited. Standard error: 
TpTrace Warning: 0 : 22620, 13, 2021/08/16, 15:44:16.348, 1031528342841, vstest.console.dll, ProxyOperationManager: Timed out waiting for test host to exit. Will terminate process.
TpTrace Information: 0 : 22620, 7, 2021/08/16, 15:44:16.348, 1031528343830, vstest.console.dll, SocketServer.Stop: Stop server endPoint: 127.0.0.1:53764
TpTrace Information: 0 : 22620, 7, 2021/08/16, 15:44:16.348, 1031528344270, vstest.console.dll, SocketServer.Stop: Cancellation requested. Stopping message loop.
TpTrace Verbose: 0 : 22620, 13, 2021/08/16, 15:44:16.349, 1031528349078, vstest.console.dll, ProxyDataCollectionManager.InvokeDataCollectionServiceAction: Starting.
TpTrace Information: 0 : 22620, 13, 2021/08/16, 15:44:16.349, 1031528349686, vstest.console.dll, ProxyDataCollectionManager.AfterTestRunEnd: Get attachment set for datacollector processId: 10024 port: 53761
TpTrace Verbose: 0 : 22620, 13, 2021/08/16, 15:44:16.349, 1031528350195, vstest.console.dll, DataCollectionRequestSender.SendAfterTestRunStartAndGetResult : Send AfterTestRunEnd message with isCancelled: False
TpTrace Verbose: 0 : 22620, 13, 2021/08/16, 15:44:16.352, 1031528384694, vstest.console.dll, DataCollectionRequestSender.SendAfterTestRunStartAndGetResult : Received message: (DataCollection.AfterTestRunEndResult) -> {
  "AttachmentSets": [],
  "Metrics": {}
}
TpTrace Information: 0 : 22620, 13, 2021/08/16, 15:44:16.356, 1031528417202, vstest.console.dll, ProxyDataCollectionManager.InvokeDataCollectionServiceAction: Completed.
TpTrace Warning: 0 : 22620, 9, 2021/08/16, 15:44:16.356, 1031528424767, vstest.console.dll, DataCollectionLauncher.ErrorReceivedCallback datacollector standard error line: 
TpTrace Information: 0 : 22620, 7, 2021/08/16, 15:44:16.361, 1031528474567, vstest.console.dll, DataCollectionLauncher.ExitCallBack: Data collector exited with exitcode: 0 error: ''
TpTrace Verbose: 0 : 22620, 13, 2021/08/16, 15:44:16.407, 1031528934288, vstest.console.dll, TestRunRequest:SendTestRunStatsChange: Starting.
TpTrace Information: 0 : 22620, 13, 2021/08/16, 15:44:16.408, 1031528936441, vstest.console.dll, TestRunRequest:SendTestRunStatsChange: Completed.
TpTrace Verbose: 0 : 22620, 13, 2021/08/16, 15:44:16.408, 1031528937845, vstest.console.dll, ParallelProxyExecutionManager: HandlePartialRunComplete: Total completed clients = 1, Run complete = True, Run canceled: False.
TpTrace Verbose: 0 : 22620, 13, 2021/08/16, 15:44:16.429, 1031529155419, vstest.console.dll, TestRunRequest:TestRunComplete: Starting. IsAborted:False IsCanceled:False.
TpTrace Verbose: 0 : 22620, 13, 2021/08/16, 15:44:16.430, 1031529157502, vstest.console.dll, TestLoggerManager.HandleTestRunComplete: Ignoring as the object is disposed.
TpTrace Information: 0 : 22620, 13, 2021/08/16, 15:44:16.430, 1031529159928, vstest.console.dll, TestRunRequest:TestRunComplete: Completed.
TpTrace Verbose: 0 : 22620, 13, 2021/08/16, 15:44:16.430, 1031529160445, vstest.console.dll, TestRequestSender.SetOperationComplete: Setting operation complete.
TpTrace Verbose: 0 : 22620, 1, 2021/08/16, 15:44:16.430, 1031529160535, vstest.console.dll, TestRunRequest.Dispose: Starting.
TpTrace Information: 0 : 22620, 13, 2021/08/16, 15:44:16.430, 1031529160851, vstest.console.dll, SocketServer.Stop: Stop server endPoint: 127.0.0.1:53764
TpTrace Information: 0 : 22620, 13, 2021/08/16, 15:44:16.430, 1031529162058, vstest.console.dll, SocketServer.Stop: Cancellation requested. Stopping message loop.
TpTrace Information: 0 : 22620, 1, 2021/08/16, 15:44:16.430, 1031529161510, vstest.console.dll, TestRunRequest.Dispose: Completed.
TpTrace Information: 0 : 22620, 13, 2021/08/16, 15:44:16.430, 1031529162578, vstest.console.dll, SocketServer.PrivateStop: Stop server endPoint: 127.0.0.1:53764 error: 
TpTrace Information: 0 : 22620, 1, 2021/08/16, 15:44:16.430, 1031529163171, vstest.console.dll, TestRequestManager.RunTests: run tests completed.
TpTrace Information: 0 : 22620, 1, 2021/08/16, 15:44:16.430, 1031529164872, vstest.console.dll, RunTestsArgumentProcessor:Execute: Test run is completed.
TpTrace Verbose: 0 : 22620, 1, 2021/08/16, 15:44:16.431, 1031529166549, vstest.console.dll, Executor.Execute: Exiting with exit code of 0
TpTrace Verbose: 0 : 22620, 13, 2021/08/16, 15:44:16.431, 1031529167810, vstest.console.dll, LengthPrefixCommunicationChannel.Dispose: Dispose reader and writer.
TpTrace Information: 0 : 22620, 13, 2021/08/16, 15:44:16.431, 1031529168568, vstest.console.dll, SocketServer.Stop: Raise disconnected event endPoint: 127.0.0.1:53764 error: 
TpTrace Verbose: 0 : 22620, 13, 2021/08/16, 15:44:16.431, 1031529169217, vstest.console.dll, TestRequestSender: OnTestRunAbort: Operation is already complete. Skip error message.
TpTrace Verbose: 0 : 22620, 13, 2021/08/16, 15:44:16.431, 1031529169674, vstest.console.dll, TcpClientExtensions.MessageLoopAsync: exiting MessageLoopAsync remoteEndPoint: 127.0.0.1:53765 localEndPoint: 127.0.0.1:53764
